sh: cannot open xrdb: No such file or directory
/bin/sh: --bar_id=bar-0: not found
polybar|notice:  Parsing config file: /home/nigel/.config/polybar/config
W: [(null)] caps.c: Normally all extra capabilities would be dropped now, but that's impossible because PulseAudio was built without capabilities support.
polybar|error: Disabling module "i3" (reason: Failed to connect to i3: errno 2 (No such file or directory))
polybar|notice:  Loaded font "Iosevka-Bold:size=8:antialias=true" (name=Iosevka, offset=2, file=/usr/local/share/fonts/Iosevka/iosevka.ttc)
polybar|notice:  Loaded font "FontAwesome5Free:style=Solid:pixelsize=12:antialias=true" (name=DejaVu Sans, offset=4, file=/usr/local/share/fonts/dejavu/DejaVuSans.ttf)
polybar|notice:  Loaded font "FontAwesome5Brands:style=Solid:pixelsize=12:antialias=true" (name=DejaVu Sans, offset=4, file=/usr/local/share/fonts/dejavu/DejaVuSans.ttf)
polybar|notice:  Termination signal received, shutting down...
polybar|notice:  Parsing config file: /home/nigel/.config/polybar/config
polybar|notice:  Loaded font "Iosevka-Bold:size=8:antialias=true" (name=Iosevka, offset=2, file=/usr/local/share/fonts/Iosevka/iosevka.ttc)
polybar|notice:  Loaded font "FontAwesome5Free:style=Solid:pixelsize=12:antialias=true" (name=DejaVu Sans, offset=4, file=/usr/local/share/fonts/dejavu/DejaVuSans.ttf)
polybar|notice:  Loaded font "FontAwesome5Brands:style=Solid:pixelsize=12:antialias=true" (name=DejaVu Sans, offset=4, file=/usr/local/share/fonts/dejavu/DejaVuSans.ttf)
dbus-daemon[93501]: [session uid=1001 pid=93501] Activating service name='org.a11y.Bus' requested by ':1.1' (uid=1001 pid=12094 comm="")
dbus-daemon[93501]: [session uid=1001 pid=93501] Successfully activated service 'org.a11y.Bus'
JavaScript error: , line 0: uncaught exception: Object
JavaScript error: , line 0: uncaught exception: Object
JavaScript error: resource://gre/modules/XPCOMUtils.jsm, line 161: TypeError: Cc[aContract] is undefined
JavaScript warning: moz-extension://38f9bcaa-6ef7-44e3-878d-8a2009bc0a49/background.js, line 0: Successfully compiled asm.js code (total compilation time 36ms)
JavaScript error: resource://gre/modules/XULStore.jsm, line 66: Error: Can't find profile directory.
JavaScript error: resource:///modules/DoHController.jsm, line 422: TypeError: gNetworkLinkService is undefined
JavaScript error: resource://gre/modules/TelemetrySession.jsm, line 757: NS_ERROR_NOT_AVAILABLE: Component returned failure code: 0x80040111 (NS_ERROR_NOT_AVAILABLE) [nsITelemetry.msSinceProcessStartExcludingSuspend]
JavaScript error: chrome://browser/content/places/places.js, line 132: TypeError: this._places is null
JavaScript error: chrome://browser/content/places/places.js, line 132: TypeError: this._places is null
JavaScript error: undefined, line 0: Error: Invalid tab ID: 3
JavaScript error: undefined, line 0: Error: Invalid tab ID: 3
error: : cannot open
error: : cannot open
error: : cannot open
dbus-daemon[93501]: [session uid=1001 pid=93501] Activating service name='org.freedesktop.Notifications' requested by ':1.6' (uid=1001 pid=31607 comm="")
dbus-daemon[93501]: [session uid=1001 pid=93501] Successfully activated service 'org.freedesktop.Notifications'
Invalid return value 0 for stream protocol
Invalid return value 0 for stream protocol
Invalid return value 0 for stream protocol
[ALSOFT] (EE) Failed to set real-time priority for thread: Operation not permitted (1)
JavaScript error: resource:///modules/Interactions.jsm, line 201: NS_ERROR_FAILURE: Component returned failure code: 0x80004005 (NS_ERROR_FAILURE) [nsIUserIdleService.removeIdleObserver]
JavaScript error: resource://gre/modules/TelemetrySession.jsm, line 757: NS_ERROR_NOT_AVAILABLE: Component returned failure code: 0x80040111 (NS_ERROR_NOT_AVAILABLE) [nsITelemetry.msSinceProcessStartExcludingSuspend]

###!!! [Child][RunMessage] Error: Channel closing: too late to send/recv, messages will be lost

dbus-daemon[93501]: [session uid=1001 pid=93501] Reloaded configuration
dbus-daemon[93501]: [session uid=1001 pid=93501] Reloaded configuration
Cannot connect to server socket err = No such file or directory
Cannot connect to server request channel
jack server is not running or cannot be started
JackShmReadWritePtr::~JackShmReadWritePtr - Init not done for -1, skipping unlock
JackShmReadWritePtr::~JackShmReadWritePtr - Init not done for -1, skipping unlock
set default folder to /home/nigel
Found nothing along /home/nigel/.config/ardour6/templates:/usr/local/share/ardour6/templates
Cannot connect to server socket err = No such file or directory
Cannot connect to server request channel
jack server is not running or cannot be started
JackShmReadWritePtr::~JackShmReadWritePtr - Init not done for -1, skipping unlock
JackShmReadWritePtr::~JackShmReadWritePtr - Init not done for -1, skipping unlock
JACK command line will be: /usr/local/bin/jackd -t 200 -p 2048 -R -T -d oss -n 2 -r 44100 -p 1024
Cannot connect to server socket err = No such file or directory
Cannot connect to server request channel
dbus-daemon[93501]: [session uid=1001 pid=93501] Activating service name='org.jackaudio.service' requested by ':1.8' (uid=1001 pid=9716 comm="")
dbus-daemon[93501]: [session uid=1001 pid=93501] Successfully activated service 'org.jackaudio.service'
Cannot lock down 107341338 byte memory area (Cannot allocate memory)
Cannot lock down 107341338 byte memory area (Cannot allocate memory)
Found nothing along /home/nigel/.config/ardour6/templates:/usr/local/share/ardour6/templates
Cannot lock down 107341338 byte memory area (Cannot allocate memory)
Set cursor set to default
urxvt: unable to calculate font width for 'Bitstream Vera Sans Mono:slant=0:weight=100:pixelsize=25:antialias=False:autohint=True:minspace=True', ignoring.
urxvt: unable to calculate font width for 'Courier New:slant=0:weight=100:pixelsize=25:antialias=False:autohint=True:minspace=True', ignoring.
urxvt: unable to calculate font width for 'Andale Mono:slant=0:weight=100:pixelsize=25:antialias=False:autohint=False:minspace=True', ignoring.
urxvt: unable to calculate font width for 'FreeMono:slant=0:weight=100:pixelsize=25:autohint=True:minspace=True', ignoring.
Here are the errors associated with this failed session:

Log Messages:
ERROR: JACK: Cannot use real-time scheduling (RR/5) (1: Operation not permitted)
ERROR: JACK: JackClient::AcquireSelfRealTime error
WARNING: Video-monitor 'xjadeo' was not found. Please install http://xjadeo.sf.net/ (a custom path to xjadeo can be specified by setting the XJREMOTE environment variable. It should point to an application compatible with xjadeo's remote-control interface 'xjremote').

see also http://manual.ardour.org/video-timeline/setup/
INFO: Loading menus from /usr/local/etc/ardour6/ardour.menus
ERROR: JACK: Cannot create thread res = 1

---------
Found nothing along /home/nigel/.config/ardour6/templates:/usr/local/share/ardour6/templates
JavaScript error: , line 0: TypeError: NetworkError when attempting to fetch resource.
JavaScript error: resource://gre/modules/XPCOMUtils.jsm, line 161: TypeError: Cc[aContract] is undefined
JavaScript warning: moz-extension://38f9bcaa-6ef7-44e3-878d-8a2009bc0a49/background.js, line 0: Successfully compiled asm.js code (total compilation time 1ms)
JavaScript error: resource://gre/modules/XULStore.jsm, line 66: Error: Can't find profile directory.
